<html>
<head>
<title>TestNG:  Test</title>
<link href="../testng.css" rel="stylesheet" type="text/css" />
<link href="../my-testng.css" rel="stylesheet" type="text/css" />

<style type="text/css">
.log { display: none;} 
.stack-trace { display: none;} 
</style>
<script type="text/javascript">
<!--
function flip(e) {
  current = e.style.display;
  if (current == 'block') {
    e.style.display = 'none';
    return 0;
  }
  else {
    e.style.display = 'block';
    return 1;
  }
}

function toggleBox(szDivId, elem, msg1, msg2)
{
  var res = -1;  if (document.getElementById) {
    res = flip(document.getElementById(szDivId));
  }
  else if (document.all) {
    // this is the way old msie versions work
    res = flip(document.all[szDivId]);
  }
  if(elem) {
    if(res == 0) elem.innerHTML = msg1; else elem.innerHTML = msg2;
  }

}

function toggleAllBoxes() {
  if (document.getElementsByTagName) {
    d = document.getElementsByTagName('div');
    for (i = 0; i < d.length; i++) {
      if (d[i].className == 'log') {
        flip(d[i]);
      }
    }
  }
}

// -->
</script>

</head>
<body>
<h2 align='center'>Test</h2><table border='1' align="center">
<tr>
<td>Tests passed/Failed/Skipped:</td><td>5/2/0</td>
</tr><tr>
<td>Started on:</td><td>Fri Oct 30 18:01:58 IST 2015</td>
</tr>
<tr><td>Total time:</td><td>515 seconds (515961 ms)</td>
</tr><tr>
<td>Included groups:</td><td></td>
</tr><tr>
<td>Excluded groups:</td><td></td>
</tr>
</table><p/>
<small><i>(Hover the method name to see the test class name)</i></small><p/>
<table width='100%' border='1' class='invocation-failed'>
<tr><td colspan='4' align='center'><b>FAILED TESTS</b></td></tr>
<tr><td><b>Test method</b></td>
<td width="30%"><b>Exception</b></td>
<td width="10%"><b>Time (seconds)</b></td>
<td><b>Instance</b></td>
</tr>
<tr>
<td title='com.vedantu.test.sanity1_testsuite.StudentLogin.StudentLoginTest()'><b>StudentLoginTest</b><br>Test class: com.vedantu.test.sanity1_testsuite.StudentLogin<br/>
<a href="#Output-1123226989" onClick='toggleBox("Output-1123226989", this, "Show output", "Hide output");'>Show output</a>

<a href="#Output-1123226989" onClick="toggleAllBoxes();">Show all outputs</a>
<div class='log' id="Output-1123226989">
Student Login is Successful<br/>
Student Logout is Sucessful<br/>
Test Passed: Student Login-Logout<br/>
Student Login is Successful<br/>
Student Logout is Sucessful<br/>
Test Passed: Student Login-Logout<br/>
Student Login is Successful<br/>
</div>
</td>
<td><div><pre>org.openqa.selenium.ElementNotVisibleException: Element is not currently visible and so may not be interacted with
Command duration or timeout: 30.09 seconds
Build info: version: &apos;2.48.2&apos;, revision: &apos;41bccdd10cf2c0560f637404c2d96164b67d9d67&apos;, time: &apos;2015-10-09 13:08:06&apos;
System info: host: &apos;testexecution&apos;, ip: &apos;192.168.0.110&apos;, os.name: &apos;Windows 8.1&apos;, os.arch: &apos;amd64&apos;, os.version: &apos;6.3&apos;, java.version: &apos;1.8.0_60&apos;
Driver info: org.openqa.selenium.firefox.FirefoxDriver
Capabilities [{applicationCacheEnabled=true, rotatable=false, handlesAlerts=true, databaseEnabled=true, version=41.0.2, platform=WINDOWS, nativeEvents=false, acceptSslCerts=true, webStorageEnabled=true, locationContextEnabled=true, browserName=firefox, takesScreenshot=true, javascriptEnabled=true, cssSelectorsEnabled=true}]
Session ID: ea3d0055-5413-4769-a514-e34515d5292e
	at org.openqa.selenium.remote.ErrorHandler.createThrowable(ErrorHandler.java:206)
	at org.openqa.selenium.remote.ErrorHandler.throwIfResponseFailed(ErrorHandler.java:158)
	at org.openqa.selenium.remote.RemoteWebDriver.execute(RemoteWebDriver.java:647)
	at org.openqa.selenium.remote.RemoteWebElement.execute(RemoteWebElement.java:326)
	at org.openqa.selenium.remote.RemoteWebElement.click(RemoteWebElement.java:84)
	at org.openqa.selenium.support.pagefactory.internal.LocatingElementHandler.invoke(LocatingElementHandler.java:51)
	at com.sun.proxy.$Proxy6.click(Unknown Source)
	at com.vedantu.test.pom.StudentHomePage.logOutClick(StudentHomePage.java:77)
	at com.vedantu.test.sanity1_testsuite.StudentLogin.StudentLoginTest(StudentLogin.java:39)
Caused by: org.openqa.selenium.ElementNotVisibleException: Element is not currently visible and so may not be interacted with
Build info: version: &apos;2.48.2&apos;, revision: &apos;41bccdd10cf2c0560f637404c2d96164b67d9d67&apos;, time: &apos;2015-10-09 13:08:06&apos;
System info: host: &apos;testexecution&apos;, ip: &apos;192.168.0.110&apos;, os.name: &apos;Windows 8.1&apos;, os.arch: &apos;amd64&apos;, os.version: &apos;6.3&apos;, java.version: &apos;1.8.0_60&apos;
Driver info: driver.version: unknown
	at &lt;anonymous class&gt;.fxdriver.preconditions.visible(file:///C:/Users/vedantu/AppData/Local/Temp/anonymous4122622224111917577webdriver-profile/extensions/fxdriver@googlecode.com/components/command-processor.js:9981)
	at &lt;anonymous class&gt;.DelayedCommand.prototype.checkPreconditions_(file:///C:/Users/vedantu/AppData/Local/Temp/anonymous4122622224111917577webdriver-profile/extensions/fxdriver@googlecode.com/components/command-processor.js:12517)
	at &lt;anonymous class&gt;.DelayedCommand.prototype.executeInternal_/h(file:///C:/Users/vedantu/AppData/Local/Temp/anonymous4122622224111917577webdriver-profile/extensions/fxdriver@googlecode.com/components/command-processor.js:12534)
	at &lt;anonymous class&gt;.fxdriver.Timer.prototype.setTimeout/&lt;.notify(file:///C:/Users/vedantu/AppData/Local/Temp/anonymous4122622224111917577webdriver-profile/extensions/fxdriver@googlecode.com/components/command-processor.js:621)
... Removed 31 stack frames</pre></div><a href='#' onClick='toggleBox("stack-trace1123226989", this, "Click to show all stack frames", "Click to hide stack frames")'>Click to show all stack frames</a>
<div class='stack-trace' id='stack-trace1123226989'><pre>org.openqa.selenium.ElementNotVisibleException: Element is not currently visible and so may not be interacted with
Command duration or timeout: 30.09 seconds
Build info: version: &apos;2.48.2&apos;, revision: &apos;41bccdd10cf2c0560f637404c2d96164b67d9d67&apos;, time: &apos;2015-10-09 13:08:06&apos;
System info: host: &apos;testexecution&apos;, ip: &apos;192.168.0.110&apos;, os.name: &apos;Windows 8.1&apos;, os.arch: &apos;amd64&apos;, os.version: &apos;6.3&apos;, java.version: &apos;1.8.0_60&apos;
Driver info: org.openqa.selenium.firefox.FirefoxDriver
Capabilities [{applicationCacheEnabled=true, rotatable=false, handlesAlerts=true, databaseEnabled=true, version=41.0.2, platform=WINDOWS, nativeEvents=false, acceptSslCerts=true, webStorageEnabled=true, locationContextEnabled=true, browserName=firefox, takesScreenshot=true, javascriptEnabled=true, cssSelectorsEnabled=true}]
Session ID: ea3d0055-5413-4769-a514-e34515d5292e
	at sun.reflect.NativeConstructorAccessorImpl.newInstance0(Native Method)
	at sun.reflect.NativeConstructorAccessorImpl.newInstance(Unknown Source)
	at sun.reflect.DelegatingConstructorAccessorImpl.newInstance(Unknown Source)
	at java.lang.reflect.Constructor.newInstance(Unknown Source)
	at org.openqa.selenium.remote.ErrorHandler.createThrowable(ErrorHandler.java:206)
	at org.openqa.selenium.remote.ErrorHandler.throwIfResponseFailed(ErrorHandler.java:158)
	at org.openqa.selenium.remote.RemoteWebDriver.execute(RemoteWebDriver.java:647)
	at org.openqa.selenium.remote.RemoteWebElement.execute(RemoteWebElement.java:326)
	at org.openqa.selenium.remote.RemoteWebElement.click(RemoteWebElement.java:84)
	at sun.reflect.GeneratedMethodAccessor2.invoke(Unknown Source)
	at sun.reflect.DelegatingMethodAccessorImpl.invoke(Unknown Source)
	at java.lang.reflect.Method.invoke(Unknown Source)
	at org.openqa.selenium.support.pagefactory.internal.LocatingElementHandler.invoke(LocatingElementHandler.java:51)
	at com.sun.proxy.$Proxy6.click(Unknown Source)
	at com.vedantu.test.pom.StudentHomePage.logOutClick(StudentHomePage.java:77)
	at com.vedantu.test.sanity1_testsuite.StudentLogin.StudentLoginTest(StudentLogin.java:39)
	at sun.reflect.NativeMethodAccessorImpl.invoke0(Native Method)
	at sun.reflect.NativeMethodAccessorImpl.invoke(Unknown Source)
	at sun.reflect.DelegatingMethodAccessorImpl.invoke(Unknown Source)
	at java.lang.reflect.Method.invoke(Unknown Source)
	at org.testng.internal.MethodInvocationHelper.invokeMethod(MethodInvocationHelper.java:84)
	at org.testng.internal.Invoker.invokeMethod(Invoker.java:714)
	at org.testng.internal.Invoker.invokeTestMethod(Invoker.java:901)
	at org.testng.internal.Invoker.invokeTestMethods(Invoker.java:1231)
	at org.testng.internal.TestMethodWorker.invokeTestMethods(TestMethodWorker.java:127)
	at org.testng.internal.TestMethodWorker.run(TestMethodWorker.java:111)
	at org.testng.TestRunner.privateRun(TestRunner.java:767)
	at org.testng.TestRunner.run(TestRunner.java:617)
	at org.testng.SuiteRunner.runTest(SuiteRunner.java:348)
	at org.testng.SuiteRunner.runSequentially(SuiteRunner.java:343)
	at org.testng.SuiteRunner.privateRun(SuiteRunner.java:305)
	at org.testng.SuiteRunner.run(SuiteRunner.java:254)
	at org.testng.SuiteRunnerWorker.runSuite(SuiteRunnerWorker.java:52)
	at org.testng.SuiteRunnerWorker.run(SuiteRunnerWorker.java:86)
	at org.testng.TestNG.runSuitesSequentially(TestNG.java:1224)
	at org.testng.TestNG.runSuitesLocally(TestNG.java:1149)
	at org.testng.TestNG.run(TestNG.java:1057)
	at org.testng.remote.RemoteTestNG.run(RemoteTestNG.java:111)
	at org.testng.remote.RemoteTestNG.initAndRun(RemoteTestNG.java:204)
	at org.testng.remote.RemoteTestNG.main(RemoteTestNG.java:175)
Caused by: org.openqa.selenium.ElementNotVisibleException: Element is not currently visible and so may not be interacted with
Build info: version: &apos;2.48.2&apos;, revision: &apos;41bccdd10cf2c0560f637404c2d96164b67d9d67&apos;, time: &apos;2015-10-09 13:08:06&apos;
System info: host: &apos;testexecution&apos;, ip: &apos;192.168.0.110&apos;, os.name: &apos;Windows 8.1&apos;, os.arch: &apos;amd64&apos;, os.version: &apos;6.3&apos;, java.version: &apos;1.8.0_60&apos;
Driver info: driver.version: unknown
	at &lt;anonymous class&gt;.fxdriver.preconditions.visible(file:///C:/Users/vedantu/AppData/Local/Temp/anonymous4122622224111917577webdriver-profile/extensions/fxdriver@googlecode.com/components/command-processor.js:9981)
	at &lt;anonymous class&gt;.DelayedCommand.prototype.checkPreconditions_(file:///C:/Users/vedantu/AppData/Local/Temp/anonymous4122622224111917577webdriver-profile/extensions/fxdriver@googlecode.com/components/command-processor.js:12517)
	at &lt;anonymous class&gt;.DelayedCommand.prototype.executeInternal_/h(file:///C:/Users/vedantu/AppData/Local/Temp/anonymous4122622224111917577webdriver-profile/extensions/fxdriver@googlecode.com/components/command-processor.js:12534)
	at &lt;anonymous class&gt;.fxdriver.Timer.prototype.setTimeout/&lt;.notify(file:///C:/Users/vedantu/AppData/Local/Temp/anonymous4122622224111917577webdriver-profile/extensions/fxdriver@googlecode.com/components/command-processor.js:621)
</pre></div></td>
<td>100</td>
<td>com.vedantu.test.sanity1_testsuite.StudentLogin@4411d970</td></tr>
<tr>
<td title='com.vedantu.test.sanity1_testsuite.TakeSession.TakingSession()'><b>TakingSession</b><br>Test class: com.vedantu.test.sanity1_testsuite.TakeSession<br/>
<a href="#Output-2076249476" onClick='toggleBox("Output-2076249476", this, "Show output", "Hide output");'>Show output</a>

<a href="#Output-2076249476" onClick="toggleAllBoxes();">Show all outputs</a>
<div class='log' id="Output-2076249476">
Student Login is Succesful<br/>
Teacher  Login is Succesful <br/>
</div>
</td>
<td><div><pre>org.openqa.selenium.NoSuchElementException: Unable to locate element: {&quot;method&quot;:&quot;xpath&quot;,&quot;selector&quot;:&quot;//span[@class=&apos;v-regular-orange-btn clickable&apos;]&quot;}
Command duration or timeout: 30.09 seconds
For documentation on this error, please visit: http://seleniumhq.org/exceptions/no_such_element.html
Build info: version: &apos;2.48.2&apos;, revision: &apos;41bccdd10cf2c0560f637404c2d96164b67d9d67&apos;, time: &apos;2015-10-09 13:08:06&apos;
System info: host: &apos;testexecution&apos;, ip: &apos;192.168.0.110&apos;, os.name: &apos;Windows 8.1&apos;, os.arch: &apos;amd64&apos;, os.version: &apos;6.3&apos;, java.version: &apos;1.8.0_60&apos;
Driver info: org.openqa.selenium.firefox.FirefoxDriver
Capabilities [{applicationCacheEnabled=true, rotatable=false, handlesAlerts=true, databaseEnabled=true, version=41.0.2, platform=WINDOWS, nativeEvents=false, acceptSslCerts=true, webStorageEnabled=true, locationContextEnabled=true, browserName=firefox, takesScreenshot=true, javascriptEnabled=true, cssSelectorsEnabled=true}]
Session ID: 80bb9df9-64de-40fa-adaf-381214fc62b3
*** Element info: {Using=xpath, value=//span[@class=&apos;v-regular-orange-btn clickable&apos;]}
	at org.openqa.selenium.remote.ErrorHandler.createThrowable(ErrorHandler.java:206)
	at org.openqa.selenium.remote.ErrorHandler.throwIfResponseFailed(ErrorHandler.java:158)
	at org.openqa.selenium.remote.RemoteWebDriver.execute(RemoteWebDriver.java:647)
	at org.openqa.selenium.remote.RemoteWebDriver.findElement(RemoteWebDriver.java:353)
	at org.openqa.selenium.remote.RemoteWebDriver.findElementByXPath(RemoteWebDriver.java:490)
	at org.openqa.selenium.By$ByXPath.findElement(By.java:361)
	at org.openqa.selenium.remote.RemoteWebDriver.findElement(RemoteWebDriver.java:345)
	at com.vedantu.test.sanity1_testsuite.TakeSession.TakingSession(TakeSession.java:108)
Caused by: org.openqa.selenium.NoSuchElementException: Unable to locate element: {&quot;method&quot;:&quot;xpath&quot;,&quot;selector&quot;:&quot;//span[@class=&apos;v-regular-orange-btn clickable&apos;]&quot;}
For documentation on this error, please visit: http://seleniumhq.org/exceptions/no_such_element.html
Build info: version: &apos;2.48.2&apos;, revision: &apos;41bccdd10cf2c0560f637404c2d96164b67d9d67&apos;, time: &apos;2015-10-09 13:08:06&apos;
System info: host: &apos;testexecution&apos;, ip: &apos;192.168.0.110&apos;, os.name: &apos;Windows 8.1&apos;, os.arch: &apos;amd64&apos;, os.version: &apos;6.3&apos;, java.version: &apos;1.8.0_60&apos;
Driver info: driver.version: unknown
	at &lt;anonymous class&gt;.FirefoxDriver.prototype.findElementInternal_(file:///C:/Users/vedantu/AppData/Local/Temp/anonymous7174245549043347784webdriver-profile/extensions/fxdriver@googlecode.com/components/driver-component.js:10659)
	at &lt;anonymous class&gt;.fxdriver.Timer.prototype.setTimeout/&lt;.notify(file:///C:/Users/vedantu/AppData/Local/Temp/anonymous7174245549043347784webdriver-profile/extensions/fxdriver@googlecode.com/components/driver-component.js:621)
... Removed 28 stack frames</pre></div><a href='#' onClick='toggleBox("stack-trace2076249476", this, "Click to show all stack frames", "Click to hide stack frames")'>Click to show all stack frames</a>
<div class='stack-trace' id='stack-trace2076249476'><pre>org.openqa.selenium.NoSuchElementException: Unable to locate element: {&quot;method&quot;:&quot;xpath&quot;,&quot;selector&quot;:&quot;//span[@class=&apos;v-regular-orange-btn clickable&apos;]&quot;}
Command duration or timeout: 30.09 seconds
For documentation on this error, please visit: http://seleniumhq.org/exceptions/no_such_element.html
Build info: version: &apos;2.48.2&apos;, revision: &apos;41bccdd10cf2c0560f637404c2d96164b67d9d67&apos;, time: &apos;2015-10-09 13:08:06&apos;
System info: host: &apos;testexecution&apos;, ip: &apos;192.168.0.110&apos;, os.name: &apos;Windows 8.1&apos;, os.arch: &apos;amd64&apos;, os.version: &apos;6.3&apos;, java.version: &apos;1.8.0_60&apos;
Driver info: org.openqa.selenium.firefox.FirefoxDriver
Capabilities [{applicationCacheEnabled=true, rotatable=false, handlesAlerts=true, databaseEnabled=true, version=41.0.2, platform=WINDOWS, nativeEvents=false, acceptSslCerts=true, webStorageEnabled=true, locationContextEnabled=true, browserName=firefox, takesScreenshot=true, javascriptEnabled=true, cssSelectorsEnabled=true}]
Session ID: 80bb9df9-64de-40fa-adaf-381214fc62b3
*** Element info: {Using=xpath, value=//span[@class=&apos;v-regular-orange-btn clickable&apos;]}
	at sun.reflect.NativeConstructorAccessorImpl.newInstance0(Native Method)
	at sun.reflect.NativeConstructorAccessorImpl.newInstance(Unknown Source)
	at sun.reflect.DelegatingConstructorAccessorImpl.newInstance(Unknown Source)
	at java.lang.reflect.Constructor.newInstance(Unknown Source)
	at org.openqa.selenium.remote.ErrorHandler.createThrowable(ErrorHandler.java:206)
	at org.openqa.selenium.remote.ErrorHandler.throwIfResponseFailed(ErrorHandler.java:158)
	at org.openqa.selenium.remote.RemoteWebDriver.execute(RemoteWebDriver.java:647)
	at org.openqa.selenium.remote.RemoteWebDriver.findElement(RemoteWebDriver.java:353)
	at org.openqa.selenium.remote.RemoteWebDriver.findElementByXPath(RemoteWebDriver.java:490)
	at org.openqa.selenium.By$ByXPath.findElement(By.java:361)
	at org.openqa.selenium.remote.RemoteWebDriver.findElement(RemoteWebDriver.java:345)
	at com.vedantu.test.sanity1_testsuite.TakeSession.TakingSession(TakeSession.java:108)
	at sun.reflect.NativeMethodAccessorImpl.invoke0(Native Method)
	at sun.reflect.NativeMethodAccessorImpl.invoke(Unknown Source)
	at sun.reflect.DelegatingMethodAccessorImpl.invoke(Unknown Source)
	at java.lang.reflect.Method.invoke(Unknown Source)
	at org.testng.internal.MethodInvocationHelper.invokeMethod(MethodInvocationHelper.java:84)
	at org.testng.internal.Invoker.invokeMethod(Invoker.java:714)
	at org.testng.internal.Invoker.invokeTestMethod(Invoker.java:901)
	at org.testng.internal.Invoker.invokeTestMethods(Invoker.java:1231)
	at org.testng.internal.TestMethodWorker.invokeTestMethods(TestMethodWorker.java:127)
	at org.testng.internal.TestMethodWorker.run(TestMethodWorker.java:111)
	at org.testng.TestRunner.privateRun(TestRunner.java:767)
	at org.testng.TestRunner.run(TestRunner.java:617)
	at org.testng.SuiteRunner.runTest(SuiteRunner.java:348)
	at org.testng.SuiteRunner.runSequentially(SuiteRunner.java:343)
	at org.testng.SuiteRunner.privateRun(SuiteRunner.java:305)
	at org.testng.SuiteRunner.run(SuiteRunner.java:254)
	at org.testng.SuiteRunnerWorker.runSuite(SuiteRunnerWorker.java:52)
	at org.testng.SuiteRunnerWorker.run(SuiteRunnerWorker.java:86)
	at org.testng.TestNG.runSuitesSequentially(TestNG.java:1224)
	at org.testng.TestNG.runSuitesLocally(TestNG.java:1149)
	at org.testng.TestNG.run(TestNG.java:1057)
	at org.testng.remote.RemoteTestNG.run(RemoteTestNG.java:111)
	at org.testng.remote.RemoteTestNG.initAndRun(RemoteTestNG.java:204)
	at org.testng.remote.RemoteTestNG.main(RemoteTestNG.java:175)
Caused by: org.openqa.selenium.NoSuchElementException: Unable to locate element: {&quot;method&quot;:&quot;xpath&quot;,&quot;selector&quot;:&quot;//span[@class=&apos;v-regular-orange-btn clickable&apos;]&quot;}
For documentation on this error, please visit: http://seleniumhq.org/exceptions/no_such_element.html
Build info: version: &apos;2.48.2&apos;, revision: &apos;41bccdd10cf2c0560f637404c2d96164b67d9d67&apos;, time: &apos;2015-10-09 13:08:06&apos;
System info: host: &apos;testexecution&apos;, ip: &apos;192.168.0.110&apos;, os.name: &apos;Windows 8.1&apos;, os.arch: &apos;amd64&apos;, os.version: &apos;6.3&apos;, java.version: &apos;1.8.0_60&apos;
Driver info: driver.version: unknown
	at &lt;anonymous class&gt;.FirefoxDriver.prototype.findElementInternal_(file:///C:/Users/vedantu/AppData/Local/Temp/anonymous7174245549043347784webdriver-profile/extensions/fxdriver@googlecode.com/components/driver-component.js:10659)
	at &lt;anonymous class&gt;.fxdriver.Timer.prototype.setTimeout/&lt;.notify(file:///C:/Users/vedantu/AppData/Local/Temp/anonymous7174245549043347784webdriver-profile/extensions/fxdriver@googlecode.com/components/driver-component.js:621)
</pre></div></td>
<td>95</td>
<td>com.vedantu.test.sanity1_testsuite.TakeSession@3796751b</td></tr>
</table><p>
<table width='100%' border='1' class='invocation-passed'>
<tr><td colspan='4' align='center'><b>PASSED TESTS</b></td></tr>
<tr><td><b>Test method</b></td>
<td width="30%"><b>Exception</b></td>
<td width="10%"><b>Time (seconds)</b></td>
<td><b>Instance</b></td>
</tr>
<tr>
<td title='com.vedantu.test.sanity1_testsuite.AdminLogin.AdministartorLogin()'><b>AdministartorLogin</b><br>Test class: com.vedantu.test.sanity1_testsuite.AdminLogin<br/>
<a href="#Output-192456457" onClick='toggleBox("Output-192456457", this, "Show output", "Hide output");'>Show output</a>

<a href="#Output-192456457" onClick="toggleAllBoxes();">Show all outputs</a>
<div class='log' id="Output-192456457">
Administrator Login is Successful<br/>
Administrator Logout is Successful<br/>
Test Passed: Administrator Login-Logout <br/>
Administrator Login is Successful<br/>
Administrator Logout is Successful<br/>
Test Passed: Administrator Login-Logout <br/>
</div>
</td>
<td></td>
<td>31</td>
<td>com.vedantu.test.sanity1_testsuite.AdminLogin@506e6d5e</td></tr>
<tr>
<td title='com.vedantu.test.sanity1_testsuite.Signup.GeneralSignup()'><b>GeneralSignup</b><br>Test class: com.vedantu.test.sanity1_testsuite.Signup<br/>
<a href="#Output-2114629072" onClick='toggleBox("Output-2114629072", this, "Show output", "Hide output");'>Show output</a>

<a href="#Output-2114629072" onClick="toggleAllBoxes();">Show all outputs</a>
<div class='log' id="Output-2114629072">
General Signup is Succesful <br/>
General Signout is Successful<br/>
Test Passed : General Signin- Signout<br/>
</div>
</td>
<td></td>
<td>37</td>
<td>com.vedantu.test.sanity1_testsuite.Signup@96532d6</td></tr>
<tr>
<td title='com.vedantu.test.sanity1_testsuite.HomePageValidation.HomePageValidations()'><b>HomePageValidations</b><br>Test class: com.vedantu.test.sanity1_testsuite.HomePageValidation<br/>
<a href="#Output-758572926" onClick='toggleBox("Output-758572926", this, "Show output", "Hide output");'>Show output</a>

<a href="#Output-758572926" onClick="toggleAllBoxes();">Show all outputs</a>
<div class='log' id="Output-758572926">
Homepage validated <br/>
Login navigates to Login page  <br/>
Sign up navigates to Signup page  <br/>
Test Passed: Home Page Validation<br/>
</div>
</td>
<td></td>
<td>1</td>
<td>com.vedantu.test.sanity1_testsuite.HomePageValidation@67b64c45</td></tr>
<tr>
<td title='com.vedantu.test.sanity1_testsuite.ListUsersSession.ListUserSchedule()'><b>ListUserSchedule</b><br>Test class: com.vedantu.test.sanity1_testsuite.ListUsersSession<br/>
<a href="#Output-16373883" onClick='toggleBox("Output-16373883", this, "Show output", "Hide output");'>Show output</a>

<a href="#Output-16373883" onClick="toggleAllBoxes();">Show all outputs</a>
<div class='log' id="Output-16373883">
Administrator Login is Successful<br/>
Selcted The Student<br/>
Selcted The Teacher<br/>
Session Scheduled<br/>
Test Pass : Session Schedule<br/>
</div>
</td>
<td></td>
<td>33</td>
<td>com.vedantu.test.sanity1_testsuite.ListUsersSession@30c7da1e</td></tr>
<tr>
<td title='com.vedantu.test.sanity1_testsuite.TeacherLogin.TeacherLoginTest()'><b>TeacherLoginTest</b><br>Test class: com.vedantu.test.sanity1_testsuite.TeacherLogin<br/>
<a href="#Output-1576277927" onClick='toggleBox("Output-1576277927", this, "Show output", "Hide output");'>Show output</a>

<a href="#Output-1576277927" onClick="toggleAllBoxes();">Show all outputs</a>
<div class='log' id="Output-1576277927">
Teacher Login is Succesful<br/>
Teacher Logout is Sucessful<br/>
Test Passed: Teacher Login-Logout <br/>
Teacher Login is Succesful<br/>
Teacher Logout is Sucessful<br/>
Test Passed: Teacher Login-Logout <br/>
Teacher Login is Succesful<br/>
Teacher Logout is Sucessful<br/>
Test Passed: Teacher Login-Logout <br/>
Teacher Login is Succesful<br/>
Teacher Logout is Sucessful<br/>
Test Passed: Teacher Login-Logout <br/>
Teacher Login is Succesful<br/>
Teacher Logout is Sucessful<br/>
Test Passed: Teacher Login-Logout <br/>
</div>
</td>
<td></td>
<td>134</td>
<td>com.vedantu.test.sanity1_testsuite.TeacherLogin@6442b0a6</td></tr>
</table><p>
</body>
</html>