<!DOCTYPE html PUBLIC "-//W3C//DTD XHTML 1.1//EN" "http://www.w3.org/TR/xhtml11/DTD/xhtml11.dtd">
<html xmlns="http://www.w3.org/1999/xhtml"><head><title>TestNG Report</title><style type="text/css">table {margin-bottom:10px;border-collapse:collapse;empty-cells:show}th,td {border:1px solid #009;padding:.25em .5em}th {vertical-align:bottom}td {vertical-align:top}table a {font-weight:bold}.stripe td {background-color: #E6EBF9}.num {text-align:right}.passedodd td {background-color: #3F3}.passedeven td {background-color: #0A0}.skippedodd td {background-color: #DDD}.skippedeven td {background-color: #CCC}.failedodd td,.attn {background-color: #F33}.failedeven td,.stripe .attn {background-color: #D00}.stacktrace {white-space:pre;font-family:monospace}.totop {font-size:85%;text-align:center;border-bottom:2px solid #000}</style></head><body><table><tr><th>Test</th><th># Passed</th><th># Skipped</th><th># Failed</th><th>Time (ms)</th><th>Included Groups</th><th>Excluded Groups</th></tr><tr><th colspan="7">Suite</th></tr><tr><td><a href="#t0">Test</a></td><td class="num">2</td><td class="num attn">4</td><td class="num attn">4</td><td class="num">7,791,538</td><td></td><td></td></tr></table><table><thead><tr><th>Class</th><th>Method</th><th>Start</th><th>Time (ms)</th></tr></thead><tbody><tr><th colspan="4">Suite</th></tr></tbody><tbody id="t0"><tr><th colspan="4">Test &#8212; failed (configuration methods)</th></tr><tr class="failedeven"><td rowspan="1">com.vedantu.test.sanity1_testsuite.TeacherLogin</td><td><a href="#m0">preCondition</a></td><td rowspan="1">1449819854658</td><td rowspan="1">0</td></tr><tr><th colspan="4">Test &#8212; failed</th></tr><tr class="failedeven"><td rowspan="4">com.vedantu.test.sanity1_testsuite.TakeSession</td><td><a href="#m1">TakingSession</a></td><td rowspan="4">1449827469401</td><td rowspan="4">24557</td></tr><tr class="failedeven"><td><a href="#m2">TakingSession</a></td></tr><tr class="failedeven"><td><a href="#m3">TakingSession</a></td></tr><tr class="failedeven"><td><a href="#m4">TakingSession</a></td></tr><tr><th colspan="4">Test &#8212; skipped (configuration methods)</th></tr><tr class="skippedeven"><td rowspan="2">com.vedantu.test.sanity1_testsuite.ListUsersSession</td><td><a href="#m5">postCondition</a></td><td rowspan="1">1449827469400</td><td rowspan="1">0</td></tr><tr class="skippedeven"><td><a href="#m6">preCondition</a></td><td rowspan="1">1449827469400</td><td rowspan="1">0</td></tr><tr class="skippedodd"><td rowspan="2">com.vedantu.test.sanity1_testsuite.Signup</td><td><a href="#m7">postCondition</a></td><td rowspan="1">1449827469399</td><td rowspan="1">0</td></tr><tr class="skippedodd"><td><a href="#m8">preCondition</a></td><td rowspan="1">1449827469398</td><td rowspan="1">0</td></tr><tr class="skippedeven"><td rowspan="2">com.vedantu.test.sanity1_testsuite.StudentLogin</td><td><a href="#m9">postCondition</a></td><td rowspan="1">1449827469397</td><td rowspan="1">0</td></tr><tr class="skippedeven"><td><a href="#m10">preCondition</a></td><td rowspan="1">1449827469396</td><td rowspan="1">0</td></tr><tr class="skippedodd"><td rowspan="1">com.vedantu.test.sanity1_testsuite.TeacherLogin</td><td><a href="#m11">postCondition</a></td><td rowspan="1">1449827469384</td><td rowspan="1">0</td></tr><tr><th colspan="4">Test &#8212; skipped</th></tr><tr class="skippedeven"><td rowspan="1">com.vedantu.test.sanity1_testsuite.ListUsersSession</td><td><a href="#m12">ListUserSchedule</a></td><td rowspan="1">1449827469400</td><td rowspan="1">0</td></tr><tr class="skippedodd"><td rowspan="1">com.vedantu.test.sanity1_testsuite.Signup</td><td><a href="#m13">GeneralSignup</a></td><td rowspan="1">1449827469398</td><td rowspan="1">1</td></tr><tr class="skippedeven"><td rowspan="1">com.vedantu.test.sanity1_testsuite.StudentLogin</td><td><a href="#m14">StudentLoginTest</a></td><td rowspan="1">1449827469397</td><td rowspan="1">0</td></tr><tr class="skippedodd"><td rowspan="1">com.vedantu.test.sanity1_testsuite.TeacherLogin</td><td><a href="#m15">TeacherLoginTest</a></td><td rowspan="1">1449827469377</td><td rowspan="1">6</td></tr><tr><th colspan="4">Test &#8212; passed</th></tr><tr class="passedeven"><td rowspan="1">com.vedantu.test.sanity1_testsuite.AdminLogin</td><td><a href="#m16">AdministartorLogin</a></td><td rowspan="1">1449819840128</td><td rowspan="1">13572</td></tr><tr class="passedodd"><td rowspan="1">com.vedantu.test.sanity1_testsuite.HomePageValidation</td><td><a href="#m17">HomePageValidations</a></td><td rowspan="1">1449819822134</td><td rowspan="1">2443</td></tr></tbody></table><h2>Test</h2><h3 id="m0">com.vedantu.test.sanity1_testsuite.TeacherLogin#preCondition</h3><table class="result"><tr><th>Exception</th></tr><tr><td><div class="stacktrace">org.openqa.selenium.remote.UnreachableBrowserException: Error communicating with the remote browser. It may have died.
Build info: version: &apos;2.48.2&apos;, revision: &apos;41bccdd10cf2c0560f637404c2d96164b67d9d67&apos;, time: &apos;2015-10-09 13:08:06&apos;
System info: host: &apos;45.112.138-broadband.acttv.in&apos;, ip: &apos;192.168.0.252&apos;, os.name: &apos;Mac OS X&apos;, os.arch: &apos;x86_64&apos;, os.version: &apos;10.11.1&apos;, java.version: &apos;1.8.0_65&apos;
Driver info: driver.version: FirefoxDriver
	at org.openqa.selenium.remote.RemoteWebDriver.execute(RemoteWebDriver.java:641)
	at org.openqa.selenium.firefox.FirefoxDriver.access$100(FirefoxDriver.java:65)
	at org.openqa.selenium.firefox.FirefoxDriver$1$1.implicitlyWait(FirefoxDriver.java:244)
	at com.vedantu.test.pom.Login.preCondition(Login.java:26)
Caused by: org.apache.http.conn.HttpHostConnectException: Connect to 127.0.0.1:7060 [/127.0.0.1] failed: Connection refused
	at org.apache.http.impl.conn.DefaultHttpClientConnectionOperator.connect(DefaultHttpClientConnectionOperator.java:151)
	at org.apache.http.impl.conn.PoolingHttpClientConnectionManager.connect(PoolingHttpClientConnectionManager.java:353)
	at org.apache.http.impl.execchain.MainClientExec.establishRoute(MainClientExec.java:380)
	at org.apache.http.impl.execchain.MainClientExec.execute(MainClientExec.java:236)
	at org.apache.http.impl.execchain.ProtocolExec.execute(ProtocolExec.java:184)
	at org.apache.http.impl.execchain.RetryExec.execute(RetryExec.java:88)
	at org.apache.http.impl.execchain.RedirectExec.execute(RedirectExec.java:110)
	at org.apache.http.impl.client.InternalHttpClient.doExecute(InternalHttpClient.java:184)
	at org.apache.http.impl.client.CloseableHttpClient.execute(CloseableHttpClient.java:71)
	at org.apache.http.impl.client.CloseableHttpClient.execute(CloseableHttpClient.java:55)
	at org.openqa.selenium.remote.internal.ApacheHttpClient.fallBackExecute(ApacheHttpClient.java:161)
	at org.openqa.selenium.remote.internal.ApacheHttpClient.execute(ApacheHttpClient.java:89)
	at org.openqa.selenium.remote.HttpCommandExecutor.execute(HttpCommandExecutor.java:142)
	at org.openqa.selenium.firefox.internal.NewProfileExtensionConnection.execute(NewProfileExtensionConnection.java:170)
	at org.openqa.selenium.firefox.FirefoxDriver$LazyCommandExecutor.execute(FirefoxDriver.java:380)
	at org.openqa.selenium.remote.RemoteWebDriver.execute(RemoteWebDriver.java:620)
	... 32 more
Caused by: java.net.ConnectException: Connection refused
	at java.net.PlainSocketImpl.socketConnect(Native Method)
	at java.net.AbstractPlainSocketImpl.doConnect(AbstractPlainSocketImpl.java:350)
	at java.net.AbstractPlainSocketImpl.connectToAddress(AbstractPlainSocketImpl.java:206)
	at java.net.AbstractPlainSocketImpl.connect(AbstractPlainSocketImpl.java:188)
	at java.net.SocksSocketImpl.connect(SocksSocketImpl.java:392)
	at java.net.Socket.connect(Socket.java:589)
	at org.apache.http.conn.socket.PlainConnectionSocketFactory.connectSocket(PlainConnectionSocketFactory.java:74)
	at org.apache.http.impl.conn.DefaultHttpClientConnectionOperator.connect(DefaultHttpClientConnectionOperator.java:134)
	... 47 more
... Removed 29 stack frames</div></td></tr></table><p class="totop"><a href="#summary">back to summary</a></p><h3 id="m1">com.vedantu.test.sanity1_testsuite.TakeSession#TakingSession</h3><table class="result"><tr><th>Exception</th></tr><tr><td><div class="stacktrace">org.openqa.selenium.remote.UnreachableBrowserException: Error communicating with the remote browser. It may have died.
Build info: version: &apos;2.48.2&apos;, revision: &apos;41bccdd10cf2c0560f637404c2d96164b67d9d67&apos;, time: &apos;2015-10-09 13:08:06&apos;
System info: host: &apos;45.112.138-broadband.acttv.in&apos;, ip: &apos;192.168.0.252&apos;, os.name: &apos;Mac OS X&apos;, os.arch: &apos;x86_64&apos;, os.version: &apos;10.11.1&apos;, java.version: &apos;1.8.0_65&apos;
Driver info: driver.version: RemoteWebDriver
	at org.openqa.selenium.remote.RemoteWebDriver.execute(RemoteWebDriver.java:641)
	at org.openqa.selenium.remote.RemoteWebDriver.findElement(RemoteWebDriver.java:353)
	at org.openqa.selenium.remote.RemoteWebDriver.findElementByXPath(RemoteWebDriver.java:490)
	at org.openqa.selenium.By$ByXPath.findElement(By.java:361)
	at org.openqa.selenium.remote.RemoteWebDriver.findElement(RemoteWebDriver.java:345)
	at com.vedantu.test.sanity1_testsuite.TakeSession.TakingSession(TakeSession.java:71)
Caused by: org.apache.http.conn.HttpHostConnectException: Connect to 127.0.0.1:7055 [/127.0.0.1] failed: Connection refused
	at org.apache.http.impl.conn.DefaultHttpClientConnectionOperator.connect(DefaultHttpClientConnectionOperator.java:151)
	at org.apache.http.impl.conn.PoolingHttpClientConnectionManager.connect(PoolingHttpClientConnectionManager.java:353)
	at org.apache.http.impl.execchain.MainClientExec.establishRoute(MainClientExec.java:380)
	at org.apache.http.impl.execchain.MainClientExec.execute(MainClientExec.java:236)
	at org.apache.http.impl.execchain.ProtocolExec.execute(ProtocolExec.java:184)
	at org.apache.http.impl.execchain.RetryExec.execute(RetryExec.java:88)
	at org.apache.http.impl.execchain.RedirectExec.execute(RedirectExec.java:110)
	at org.apache.http.impl.client.InternalHttpClient.doExecute(InternalHttpClient.java:184)
	at org.apache.http.impl.client.CloseableHttpClient.execute(CloseableHttpClient.java:71)
	at org.apache.http.impl.client.CloseableHttpClient.execute(CloseableHttpClient.java:55)
	at org.openqa.selenium.remote.internal.ApacheHttpClient.fallBackExecute(ApacheHttpClient.java:143)
	at org.openqa.selenium.remote.internal.ApacheHttpClient.execute(ApacheHttpClient.java:89)
	at org.openqa.selenium.remote.HttpCommandExecutor.execute(HttpCommandExecutor.java:142)
	at org.openqa.selenium.firefox.internal.NewProfileExtensionConnection.execute(NewProfileExtensionConnection.java:170)
	at org.openqa.selenium.firefox.FirefoxDriver$LazyCommandExecutor.execute(FirefoxDriver.java:380)
	at org.openqa.selenium.remote.RemoteWebDriver.execute(RemoteWebDriver.java:620)
	... 32 more
Caused by: java.net.ConnectException: Connection refused
	at java.net.PlainSocketImpl.socketConnect(Native Method)
	at java.net.AbstractPlainSocketImpl.doConnect(AbstractPlainSocketImpl.java:350)
	at java.net.AbstractPlainSocketImpl.connectToAddress(AbstractPlainSocketImpl.java:206)
	at java.net.AbstractPlainSocketImpl.connect(AbstractPlainSocketImpl.java:188)
	at java.net.SocksSocketImpl.connect(SocksSocketImpl.java:392)
	at java.net.Socket.connect(Socket.java:589)
	at org.apache.http.conn.socket.PlainConnectionSocketFactory.connectSocket(PlainConnectionSocketFactory.java:74)
	at org.apache.http.impl.conn.DefaultHttpClientConnectionOperator.connect(DefaultHttpClientConnectionOperator.java:134)
	... 47 more
... Removed 27 stack frames</div></td></tr></table><p class="totop"><a href="#summary">back to summary</a></p><h3 id="m2">com.vedantu.test.sanity1_testsuite.TakeSession#TakingSession</h3><table class="result"><tr><th>Messages</th></tr><tr><td><div class="messages">Student Login is Succesful</div></td></tr><tr><th>Exception</th></tr><tr><td><div class="stacktrace">com.google.common.base.VerifyException
	at com.google.common.base.Verify.verify(Verify.java:98)
	at com.vedantu.test.sanity1_testsuite.TakeSession.TakingSession(TakeSession.java:102)
... Removed 27 stack frames</div></td></tr></table><p class="totop"><a href="#summary">back to summary</a></p><h3 id="m3">com.vedantu.test.sanity1_testsuite.TakeSession#TakingSession</h3><table class="result"><tr><th>Exception</th></tr><tr><td><div class="stacktrace">org.openqa.selenium.WebDriverException: unknown error: Element is not clickable at point (524, 613). Other element would receive the click: &lt;div class=&quot;vpopupWrapper nonner&quot; id=&quot;v-popup&quot; style=&quot;opacity: 0; display: block;&quot;&gt;...&lt;/div&gt;
  (Session info: chrome=47.0.2526.80)
  (Driver info: chromedriver=2.9.248307,platform=Mac OS X 10.11.1 x86_64) (WARNING: The server did not provide any stacktrace information)
Command duration or timeout: 44 milliseconds
Build info: version: &apos;2.48.2&apos;, revision: &apos;41bccdd10cf2c0560f637404c2d96164b67d9d67&apos;, time: &apos;2015-10-09 13:08:06&apos;
System info: host: &apos;45.112.138-broadband.acttv.in&apos;, ip: &apos;192.168.0.252&apos;, os.name: &apos;Mac OS X&apos;, os.arch: &apos;x86_64&apos;, os.version: &apos;10.11.1&apos;, java.version: &apos;1.8.0_65&apos;
Driver info: org.openqa.selenium.chrome.ChromeDriver
Capabilities [{applicationCacheEnabled=false, rotatable=false, chrome={userDataDir=/var/folders/zd/xg2w7l2d0gjdxh9ck8q3nlzr0000gn/T/.org.chromium.Chromium.mOuNkY}, takesHeapSnapshot=true, databaseEnabled=false, handlesAlerts=true, version=47.0.2526.80, platform=MAC, browserConnectionEnabled=false, nativeEvents=true, acceptSslCerts=true, locationContextEnabled=true, webStorageEnabled=true, browserName=chrome, takesScreenshot=true, javascriptEnabled=true, cssSelectorsEnabled=true}]
Session ID: 60d6e0f32aac1a1e865be086e955662c
	at org.openqa.selenium.remote.ErrorHandler.createThrowable(ErrorHandler.java:206)
	at org.openqa.selenium.remote.ErrorHandler.throwIfResponseFailed(ErrorHandler.java:158)
	at org.openqa.selenium.remote.RemoteWebDriver.execute(RemoteWebDriver.java:647)
	at org.openqa.selenium.remote.RemoteWebElement.execute(RemoteWebElement.java:326)
	at org.openqa.selenium.remote.RemoteWebElement.click(RemoteWebElement.java:84)
	at com.vedantu.test.sanity1_testsuite.TakeSession.TakingSession(TakeSession.java:87)
... Removed 31 stack frames</div></td></tr></table><p class="totop"><a href="#summary">back to summary</a></p><h3 id="m4">com.vedantu.test.sanity1_testsuite.TakeSession#TakingSession</h3><table class="result"><tr><th>Exception</th></tr><tr><td><div class="stacktrace">org.openqa.selenium.WebDriverException: unknown error: Element is not clickable at point (524, 613). Other element would receive the click: &lt;div class=&quot;vpopupWrapper nonner&quot; id=&quot;v-popup&quot; style=&quot;opacity: 0; display: block;&quot;&gt;...&lt;/div&gt;
  (Session info: chrome=47.0.2526.80)
  (Driver info: chromedriver=2.9.248307,platform=Mac OS X 10.11.1 x86_64) (WARNING: The server did not provide any stacktrace information)
Command duration or timeout: 62 milliseconds
Build info: version: &apos;2.48.2&apos;, revision: &apos;41bccdd10cf2c0560f637404c2d96164b67d9d67&apos;, time: &apos;2015-10-09 13:08:06&apos;
System info: host: &apos;45.112.138-broadband.acttv.in&apos;, ip: &apos;192.168.0.252&apos;, os.name: &apos;Mac OS X&apos;, os.arch: &apos;x86_64&apos;, os.version: &apos;10.11.1&apos;, java.version: &apos;1.8.0_65&apos;
Driver info: org.openqa.selenium.chrome.ChromeDriver
Capabilities [{applicationCacheEnabled=false, rotatable=false, chrome={userDataDir=/var/folders/zd/xg2w7l2d0gjdxh9ck8q3nlzr0000gn/T/.org.chromium.Chromium.Y1FSAO}, takesHeapSnapshot=true, databaseEnabled=false, handlesAlerts=true, version=47.0.2526.80, platform=MAC, browserConnectionEnabled=false, nativeEvents=true, acceptSslCerts=true, locationContextEnabled=true, webStorageEnabled=true, browserName=chrome, takesScreenshot=true, javascriptEnabled=true, cssSelectorsEnabled=true}]
Session ID: a60795750c2217bd4aa9e52df15aa0db
	at org.openqa.selenium.remote.ErrorHandler.createThrowable(ErrorHandler.java:206)
	at org.openqa.selenium.remote.ErrorHandler.throwIfResponseFailed(ErrorHandler.java:158)
	at org.openqa.selenium.remote.RemoteWebDriver.execute(RemoteWebDriver.java:647)
	at org.openqa.selenium.remote.RemoteWebElement.execute(RemoteWebElement.java:326)
	at org.openqa.selenium.remote.RemoteWebElement.click(RemoteWebElement.java:84)
	at com.vedantu.test.sanity1_testsuite.TakeSession.TakingSession(TakeSession.java:87)
... Removed 31 stack frames</div></td></tr></table><p class="totop"><a href="#summary">back to summary</a></p><h3 id="m5">com.vedantu.test.sanity1_testsuite.ListUsersSession#postCondition</h3><table class="result"></table><p class="totop"><a href="#summary">back to summary</a></p><h3 id="m6">com.vedantu.test.sanity1_testsuite.ListUsersSession#preCondition</h3><table class="result"></table><p class="totop"><a href="#summary">back to summary</a></p><h3 id="m7">com.vedantu.test.sanity1_testsuite.Signup#postCondition</h3><table class="result"></table><p class="totop"><a href="#summary">back to summary</a></p><h3 id="m8">com.vedantu.test.sanity1_testsuite.Signup#preCondition</h3><table class="result"></table><p class="totop"><a href="#summary">back to summary</a></p><h3 id="m9">com.vedantu.test.sanity1_testsuite.StudentLogin#postCondition</h3><table class="result"></table><p class="totop"><a href="#summary">back to summary</a></p><h3 id="m10">com.vedantu.test.sanity1_testsuite.StudentLogin#preCondition</h3><table class="result"></table><p class="totop"><a href="#summary">back to summary</a></p><h3 id="m11">com.vedantu.test.sanity1_testsuite.TeacherLogin#postCondition</h3><table class="result"></table><p class="totop"><a href="#summary">back to summary</a></p><h3 id="m12">com.vedantu.test.sanity1_testsuite.ListUsersSession#ListUserSchedule</h3><table class="result"></table><p class="totop"><a href="#summary">back to summary</a></p><h3 id="m13">com.vedantu.test.sanity1_testsuite.Signup#GeneralSignup</h3><table class="result"></table><p class="totop"><a href="#summary">back to summary</a></p><h3 id="m14">com.vedantu.test.sanity1_testsuite.StudentLogin#StudentLoginTest</h3><table class="result"></table><p class="totop"><a href="#summary">back to summary</a></p><h3 id="m15">com.vedantu.test.sanity1_testsuite.TeacherLogin#TeacherLoginTest</h3><table class="result"></table><p class="totop"><a href="#summary">back to summary</a></p><h3 id="m16">com.vedantu.test.sanity1_testsuite.AdminLogin#AdministartorLogin</h3><table class="result"><tr><th>Messages</th></tr><tr><td><div class="messages">Administrator Login is Successful<br/>Administrator Logout is Successful<br/>Test Passed: Administrator Login-Logout </div></td></tr></table><p class="totop"><a href="#summary">back to summary</a></p><h3 id="m17">com.vedantu.test.sanity1_testsuite.HomePageValidation#HomePageValidations</h3><table class="result"><tr><th>Messages</th></tr><tr><td><div class="messages">Homepage validated <br/>Login navigates to Login page  <br/>Sign up navigates to Signup page  <br/>Test Passed: Home Page Validation</div></td></tr></table><p class="totop"><a href="#summary">back to summary</a></p></body></html>